<?xml version="1.0" encoding="UTF-8"?>
<!-- Generated by org.testng.reporters.JUnitXMLReporter -->
<testsuite ignored="0" hostname="DESKTOP-AQI11SJ" failures="0" tests="4" name="Test1" time="2.202" errors="0" timestamp="2023-02-28T10:10:14 IST">
  <testcase classname="edu.sms.admin.AddExamMarksAndVerify" name="addExamMarksAndVerify" time="0.0">
    <skipped/>
  </testcase> <!-- addExamMarksAndVerify -->
  <testcase classname="edu.sms.admin.AssignSubject" name="assignSubject" time="0.0">
    <skipped/>
  </testcase> <!-- assignSubject -->
  <testcase classname="edu.sms.admin.AddAndVerifyTimetable" name="addAndVerifyTimetable" time="0.0">
    <skipped/>
  </testcase> <!-- addAndVerifyTimetable -->
  <testcase classname="edu.sms.admin.AddExamTimetableAndVerify" name="addExamTimetableAndVerify" time="0.0">
    <skipped/>
  </testcase> <!-- addExamTimetableAndVerify -->
</testsuite> <!-- Test1 -->
