<?xml version="1.0" encoding="UTF-8"?>
<testng-results skipped="0" failed="0" ignored="0" total="1" passed="1">
  <reporter-output>
  </reporter-output>
  <suite name="Surefire suite" duration-ms="46" started-at="2023-03-08T11:22:14 IST" finished-at="2023-03-08T11:22:14 IST">
    <groups>
    </groups>
    <test name="Surefire test" duration-ms="46" started-at="2023-03-08T11:22:14 IST" finished-at="2023-03-08T11:22:14 IST">
      <class name="com.practice.MavenPracticeTest">
        <test-method status="PASS" signature="mavenPractice()[pri:0, instance:com.practice.MavenPracticeTest@79be0360]" name="mavenPractice" duration-ms="6" started-at="2023-03-08T11:22:14 IST" finished-at="2023-03-08T11:22:14 IST">
          <reporter-output>
          </reporter-output>
        </test-method> <!-- mavenPractice -->
      </class> <!-- com.practice.MavenPracticeTest -->
    </test> <!-- Surefire test -->
  </suite> <!-- Surefire suite -->
</testng-results>
