<?xml version="1.0" encoding="UTF-8"?>
<testng-results ignored="0" total="1" passed="1" failed="0" skipped="0">
  <reporter-output>
  </reporter-output>
  <suite started-at="2023-03-08T10:42:35 IST" name="Default suite" finished-at="2023-03-08T10:42:35 IST" duration-ms="62">
    <groups>
    </groups>
    <test started-at="2023-03-08T10:42:35 IST" name="Default test" finished-at="2023-03-08T10:42:35 IST" duration-ms="62">
      <class name="com.practice.MavenPracticeTest">
        <test-method signature="mavenPractice()[pri:0, instance:com.practice.MavenPracticeTest@14555e0a]" started-at="2023-03-08T10:42:35 IST" name="mavenPractice" finished-at="2023-03-08T10:42:35 IST" duration-ms="9" status="PASS">
          <reporter-output>
          </reporter-output>
        </test-method> <!-- mavenPractice -->
      </class> <!-- com.practice.MavenPracticeTest -->
    </test> <!-- Default test -->
  </suite> <!-- Default suite -->
</testng-results>
